This is pdfTeX, Version 3.141592653-2.6-1.40.24 (TeX Live 2022/Arch Linux) (preloaded format=pdflatex 2022.9.3)  7 OCT 2022 17:26
entering extended mode
 restricted \write18 enabled.
 file:line:error style messages enabled.
 %&-line parsing enabled.
**/home/gokhan/Papers/hyperfuser/paper.tex
(/home/gokhan/Papers/hyperfuser/paper.tex
LaTeX2e <2021-11-15> patch level 1
L3 programming layer <2022-04-10> (./IEEEtran.cls
Document Class: IEEEtran 2015/08/26 V1.8b by Michael Shell
-- See the "IEEEtran_HOWTO" manual for usage information.
-- http://www.michaelshell.org/tex/ieeetran/
\@IEEEtrantmpdimenA=\dimen138
\@IEEEtrantmpdimenB=\dimen139
\@IEEEtrantmpdimenC=\dimen140
\@IEEEtrantmpcountA=\count185
\@IEEEtrantmpcountB=\count186
\@IEEEtrantmpcountC=\count187
\@IEEEtrantmptoksA=\toks16
LaTeX Font Info:    Trying to load font information for OT1+ppl on input line 503.
(/usr/share/texmf-dist/tex/latex/psnfss/ot1ppl.fd
File: ot1ppl.fd 2001/06/04 font definitions for OT1/ppl.
)
-- Using IEEE Computer Society mode.
-- Using 8.5in x 11in (letter) paper.
-- Using PDF output.
\@IEEEnormalsizeunitybaselineskip=\dimen141
-- This is a 10 point document.
\CLASSINFOnormalsizebaselineskip=\dimen142
\CLASSINFOnormalsizeunitybaselineskip=\dimen143
\IEEEnormaljot=\dimen144
LaTeX Font Info:    Font shape `OT1/ppl/bx/n' in size <5.01874> not available
(Font)              Font shape `OT1/ppl/b/n' tried instead on input line 1090.
LaTeX Font Info:    Font shape `OT1/ppl/bx/it' in size <5.01874> not available
(Font)              Font shape `OT1/ppl/b/it' tried instead on input line 1090.
LaTeX Font Info:    Font shape `OT1/ppl/bx/n' in size <7.02625> not available
(Font)              Font shape `OT1/ppl/b/n' tried instead on input line 1090.
LaTeX Font Info:    Font shape `OT1/ppl/bx/it' in size <7.02625> not available
(Font)              Font shape `OT1/ppl/b/it' tried instead on input line 1090.
LaTeX Font Info:    Font shape `OT1/ppl/bx/n' in size <8.03> not available
(Font)              Font shape `OT1/ppl/b/n' tried instead on input line 1090.
LaTeX Font Info:    Font shape `OT1/ppl/bx/it' in size <8.03> not available
(Font)              Font shape `OT1/ppl/b/it' tried instead on input line 1090.
LaTeX Font Info:    Font shape `OT1/ppl/bx/n' in size <9.03374> not available
(Font)              Font shape `OT1/ppl/b/n' tried instead on input line 1090.
LaTeX Font Info:    Font shape `OT1/ppl/bx/it' in size <9.03374> not available
(Font)              Font shape `OT1/ppl/b/it' tried instead on input line 1090.
LaTeX Font Info:    Font shape `OT1/ppl/bx/n' in size <9.53561> not available
(Font)              Font shape `OT1/ppl/b/n' tried instead on input line 1090.
LaTeX Font Info:    Font shape `OT1/ppl/bx/it' in size <9.53561> not available
(Font)              Font shape `OT1/ppl/b/it' tried instead on input line 1090.
LaTeX Font Info:    Font shape `OT1/ppl/bx/n' in size <11.04124> not available
(Font)              Font shape `OT1/ppl/b/n' tried instead on input line 1090.
LaTeX Font Info:    Font shape `OT1/ppl/bx/it' in size <11.04124> not available
(Font)              Font shape `OT1/ppl/b/it' tried instead on input line 1090.
LaTeX Font Info:    Font shape `OT1/ppl/bx/n' in size <12.045> not available
(Font)              Font shape `OT1/ppl/b/n' tried instead on input line 1090.
LaTeX Font Info:    Font shape `OT1/ppl/bx/it' in size <12.045> not available
(Font)              Font shape `OT1/ppl/b/it' tried instead on input line 1090.
LaTeX Font Info:    Font shape `OT1/ppl/bx/n' in size <17.06374> not available
(Font)              Font shape `OT1/ppl/b/n' tried instead on input line 1090.
LaTeX Font Info:    Font shape `OT1/ppl/bx/it' in size <17.06374> not available
(Font)              Font shape `OT1/ppl/b/it' tried instead on input line 1090.
LaTeX Font Info:    Font shape `OT1/ppl/bx/n' in size <20.075> not available
(Font)              Font shape `OT1/ppl/b/n' tried instead on input line 1090.
LaTeX Font Info:    Font shape `OT1/ppl/bx/it' in size <20.075> not available
(Font)              Font shape `OT1/ppl/b/it' tried instead on input line 1090.
LaTeX Font Info:    Font shape `OT1/ppl/bx/n' in size <24.09> not available
(Font)              Font shape `OT1/ppl/b/n' tried instead on input line 1090.
LaTeX Font Info:    Font shape `OT1/ppl/bx/it' in size <24.09> not available
(Font)              Font shape `OT1/ppl/b/it' tried instead on input line 1090.
\IEEEquantizedlength=\dimen145
\IEEEquantizedlengthdiff=\dimen146
\IEEEquantizedtextheightdiff=\dimen147
\IEEEilabelindentA=\dimen148
\IEEEilabelindentB=\dimen149
\IEEEilabelindent=\dimen150
\IEEEelabelindent=\dimen151
\IEEEdlabelindent=\dimen152
\IEEElabelindent=\dimen153
\IEEEiednormlabelsep=\dimen154
\IEEEiedmathlabelsep=\dimen155
\IEEEiedtopsep=\skip47
\c@section=\count188
\c@subsection=\count189
\c@subsubsection=\count190
\c@paragraph=\count191
\c@IEEEsubequation=\count192
\abovecaptionskip=\skip48
\belowcaptionskip=\skip49
\c@figure=\count193
\c@table=\count194
\@IEEEeqnnumcols=\count195
\@IEEEeqncolcnt=\count196
\@IEEEsubeqnnumrollback=\count197
\@IEEEquantizeheightA=\dimen156
\@IEEEquantizeheightB=\dimen157
\@IEEEquantizeheightC=\dimen158
\@IEEEquantizeprevdepth=\dimen159
\@IEEEquantizemultiple=\count198
\@IEEEquantizeboxA=\box50
\@IEEEtmpitemindent=\dimen160
\IEEEPARstartletwidth=\dimen161
\c@IEEEbiography=\count199
\@IEEEtranrubishbin=\box51
) (/usr/share/texmf-dist/tex/latex/base/inputenc.sty
Package: inputenc 2021/02/14 v1.3d Input encoding file
\inpenc@prehook=\toks17
\inpenc@posthook=\toks18
) (/usr/share/texmf-dist/tex/latex/cite/cite.sty
LaTeX Info: Redefining \cite on input line 302.
LaTeX Info: Redefining \nocite on input line 332.
Package: cite 2015/02/27  v 5.5
) (/usr/share/texmf-dist/tex/latex/graphics/color.sty
Package: color 2021/12/07 v1.3c Standard LaTeX Color (DPC)
 (/usr/share/texmf-dist/tex/latex/graphics-cfg/color.cfg
File: color.cfg 2016/01/02 v1.6 sample color configuration
)
Package color Info: Driver file: pdftex.def on input line 149.
 (/usr/share/texmf-dist/tex/latex/graphics-def/pdftex.def
File: pdftex.def 2020/10/05 v1.2a Graphics/color driver for pdftex
)) (/usr/share/texmf-dist/tex/generic/soul/soul.sty
Package: soul 2003/11/17 v2.4 letterspacing/underlining (mf)
\SOUL@word=\toks19
\SOUL@lasttoken=\toks20
\SOUL@cmds=\toks21
\SOUL@buffer=\toks22
\SOUL@token=\toks23
\SOUL@spaceskip=\skip50
\SOUL@ttwidth=\dimen162
\SOUL@uldp=\dimen163
\SOUL@ulht=\dimen164
) (/usr/share/texmf-dist/tex/latex/amsfonts/amsfonts.sty
Package: amsfonts 2013/01/14 v3.01 Basic AMSFonts support
\@emptytoks=\toks24
\symAMSa=\mathgroup4
\symAMSb=\mathgroup5
LaTeX Font Info:    Redeclaring math symbol \hbar on input line 98.
LaTeX Font Info:    Overwriting math alphabet `\mathfrak' in version `bold'
(Font)                  U/euf/m/n --> U/euf/b/n on input line 106.
) (/usr/share/texmf-dist/tex/latex/url/url.sty
\Urlmuskip=\muskip16
Package: url 2013/09/16  ver 3.4  Verb mode for urls, etc.
) (/usr/share/texmf-dist/tex/latex/graphics/graphicx.sty
Package: graphicx 2021/09/16 v1.2d Enhanced LaTeX Graphics (DPC,SPQR)
 (/usr/share/texmf-dist/tex/latex/graphics/keyval.sty
Package: keyval 2014/10/28 v1.15 key=value parser (DPC)
\KV@toks@=\toks25
) (/usr/share/texmf-dist/tex/latex/graphics/graphics.sty
Package: graphics 2021/03/04 v1.4d Standard LaTeX Graphics (DPC,SPQR)
 (/usr/share/texmf-dist/tex/latex/graphics/trig.sty
Package: trig 2021/08/11 v1.11 sin cos tan (DPC)
) (/usr/share/texmf-dist/tex/latex/graphics-cfg/graphics.cfg
File: graphics.cfg 2016/06/04 v1.11 sample graphics configuration
)
Package graphics Info: Driver file: pdftex.def on input line 107.
)
\Gin@req@height=\dimen165
\Gin@req@width=\dimen166
) (/usr/share/texmf-dist/tex/latex/amsmath/amsmath.sty
Package: amsmath 2021/10/15 v2.17l AMS math features
\@mathmargin=\skip51

For additional information on amsmath, use the `?' option.
(/usr/share/texmf-dist/tex/latex/amsmath/amstext.sty
Package: amstext 2021/08/26 v2.01 AMS text
 (/usr/share/texmf-dist/tex/latex/amsmath/amsgen.sty
File: amsgen.sty 1999/11/30 v2.0 generic functions
\@emptytoks=\toks26
\ex@=\dimen167
)) (/usr/share/texmf-dist/tex/latex/amsmath/amsbsy.sty
Package: amsbsy 1999/11/29 v1.2d Bold Symbols
\pmbraise@=\dimen168
) (/usr/share/texmf-dist/tex/latex/amsmath/amsopn.sty
Package: amsopn 2021/08/26 v2.02 operator names
)
\inf@bad=\count266
LaTeX Info: Redefining \frac on input line 234.
\uproot@=\count267
\leftroot@=\count268
LaTeX Info: Redefining \overline on input line 399.
\classnum@=\count269
\DOTSCASE@=\count270
LaTeX Info: Redefining \ldots on input line 496.
LaTeX Info: Redefining \dots on input line 499.
LaTeX Info: Redefining \cdots on input line 620.
\Mathstrutbox@=\box52
\strutbox@=\box53
\big@size=\dimen169
LaTeX Font Info:    Redeclaring font encoding OML on input line 743.
LaTeX Font Info:    Redeclaring font encoding OMS on input line 744.
\macc@depth=\count271
\c@MaxMatrixCols=\count272
\dotsspace@=\muskip17
\c@parentequation=\count273
\dspbrk@lvl=\count274
\tag@help=\toks27
\row@=\count275
\column@=\count276
\maxfields@=\count277
\andhelp@=\toks28
\eqnshift@=\dimen170
\alignsep@=\dimen171
\tagshift@=\dimen172
\tagwidth@=\dimen173
\totwidth@=\dimen174
\lineht@=\dimen175
\@envbody=\toks29
\multlinegap=\skip52
\multlinetaggap=\skip53
\mathdisplay@stack=\toks30
LaTeX Info: Redefining \[ on input line 2938.
LaTeX Info: Redefining \] on input line 2939.
) (/usr/share/texmf-dist/tex/latex/tools/xspace.sty
Package: xspace 2014/10/28 v1.13 Space after command names (DPC,MH)
) (/usr/share/texmf-dist/tex/latex/multirow/multirow.sty
Package: multirow 2021/03/15 v2.8 Span multiple rows of a table
\multirow@colwidth=\skip54
\multirow@cntb=\count278
\multirow@dima=\skip55
\bigstrutjot=\dimen176
) (/usr/share/texmf-dist/tex/latex/amsfonts/amssymb.sty
Package: amssymb 2013/01/14 v3.01 AMS font symbols
) (/usr/share/texmf-dist/tex/latex/wrapfig/wrapfig.sty
\wrapoverhang=\dimen177
\WF@size=\dimen178
\c@WF@wrappedlines=\count279
\WF@box=\box54
\WF@everypar=\toks31
Package: wrapfig 2003/01/31  v 3.6
) (/usr/share/texmf-dist/tex/latex/booktabs/booktabs.sty
Package: booktabs 2020/01/12 v1.61803398 Publication quality tables
\heavyrulewidth=\dimen179
\lightrulewidth=\dimen180
\cmidrulewidth=\dimen181
\belowrulesep=\dimen182
\belowbottomsep=\dimen183
\aboverulesep=\dimen184
\abovetopsep=\dimen185
\cmidrulesep=\dimen186
\cmidrulekern=\dimen187
\defaultaddspace=\dimen188
\@cmidla=\count280
\@cmidlb=\count281
\@aboverulesep=\dimen189
\@belowrulesep=\dimen190
\@thisruleclass=\count282
\@lastruleclass=\count283
\@thisrulewidth=\dimen191
) (/usr/share/texmf-dist/tex/latex/algorithms/algorithm.sty
Package: algorithm 2009/08/24 v0.1 Document Style `algorithm' - floating environment
 (/usr/share/texmf-dist/tex/latex/float/float.sty
Package: float 2001/11/08 v1.3d Float enhancements (AL)
\c@float@type=\count284
\float@exts=\toks32
\float@box=\box55
\@float@everytoks=\toks33
\@floatcapt=\box56
) (/usr/share/texmf-dist/tex/latex/base/ifthen.sty
Package: ifthen 2020/11/24 v1.1c Standard LaTeX ifthen package (DPC)
)
\@float@every@algorithm=\toks34
\c@algorithm=\count285
) (/usr/share/texmf-dist/tex/latex/algorithmicx/algpseudocode.sty
Package: algpseudocode 
 (/usr/share/texmf-dist/tex/latex/algorithmicx/algorithmicx.sty
Package: algorithmicx 2005/04/27 v1.2 Algorithmicx

Document Style algorithmicx 1.2 - a greatly improved `algorithmic' style
\c@ALG@line=\count286
\c@ALG@rem=\count287
\c@ALG@nested=\count288
\ALG@tlm=\skip56
\ALG@thistlm=\skip57
\c@ALG@Lnr=\count289
\c@ALG@blocknr=\count290
\c@ALG@storecount=\count291
\c@ALG@tmpcounter=\count292
\ALG@tmplength=\skip58
)
Document Style - pseudocode environments for use with the `algorithmicx' style
) (/usr/share/texmf-dist/tex/latex/tools/array.sty
Package: array 2021/10/04 v2.5f Tabular extension package (FMi)
\col@sep=\dimen192
\ar@mcellbox=\box57
\extrarowheight=\dimen193
\NC@list=\toks35
\extratabsurround=\skip59
\backup@length=\skip60
\ar@cellbox=\box58
) (/usr/share/texmf-dist/tex/latex/listings/listings.sty
\lst@mode=\count293
\lst@gtempboxa=\box59
\lst@token=\toks36
\lst@length=\count294
\lst@currlwidth=\dimen194
\lst@column=\count295
\lst@pos=\count296
\lst@lostspace=\dimen195
\lst@width=\dimen196
\lst@newlines=\count297
\lst@lineno=\count298
\lst@maxwidth=\dimen197
 (/usr/share/texmf-dist/tex/latex/listings/lstmisc.sty
File: lstmisc.sty 2020/03/24 1.8d (Carsten Heinz)
\c@lstnumber=\count299
\lst@skipnumbers=\count300
\lst@framebox=\box60
) (/usr/share/texmf-dist/tex/latex/listings/listings.cfg
File: listings.cfg 2020/03/24 1.8d listings configuration
))
Package: listings 2020/03/24 1.8d (Carsten Heinz)
 (/usr/share/texmf-dist/tex/latex/placeins/placeins.sty
Package: placeins 2005/04/18  v 2.2
) (/usr/share/texmf-dist/tex/latex/enumitem/enumitem.sty
Package: enumitem 2019/06/20 v3.9 Customized lists
\labelindent=\skip61
\enit@outerparindent=\dimen198
\enit@toks=\toks37
\enit@inbox=\box61
\enit@count@id=\count301
\enitdp@description=\count302
) (/usr/share/texmf-dist/tex/latex/subfig/subfig.sty
Package: subfig 2005/06/28 ver: 1.3 subfig package
 (/usr/share/texmf-dist/tex/latex/caption/caption3.sty
Package: caption3 2022/03/17 v2.3b caption3 kernel (AR)
\caption@tempdima=\dimen199
\captionmargin=\dimen256
\caption@leftmargin=\dimen257
\caption@rightmargin=\dimen258
\caption@width=\dimen259
\caption@indent=\dimen260
\caption@parindent=\dimen261
\caption@hangindent=\dimen262
Package caption Info: Unknown document class (or package),
(caption)             standard defaults will be used.
Package caption Info: \@makecaption = \long macro:#1#2->\ifx \@captype \@IEEEtablestring \footnotesize \begin {center}{\normalfont \footnotesize #1}\\ {\normalfont \footnotesize \scshape #2}\end {center}\@IEEEtablecaptionsepspace \else \@IEEEfigurecaptionsepspace \setbox \@tempboxa \hbox {\normalfont \footnotesize {#1.}~~ #2}\ifdim \wd \@tempboxa >\hsize \setbox \@tempboxa \hbox {\normalfont \footnotesize {#1.}~~ }\parbox [t]{\hsize }{\normalfont \footnotesize \noindent \unhbox \@tempboxa #2}\else \hbox to\hsize {\normalfont \footnotesize \hfil \box \@tempboxa \hfil }\fi \fi  on input line 1176.
)
\c@KVtest=\count303
\sf@farskip=\skip62
\sf@captopadj=\dimen263
\sf@capskip=\skip63
\sf@nearskip=\skip64
\c@subfigure=\count304
\c@subfigure@save=\count305
\c@lofdepth=\count306
\c@subtable=\count307
\c@subtable@save=\count308
\c@lotdepth=\count309
\sf@top=\skip65
\sf@bottom=\skip66
) (/usr/share/texmf-dist/tex/latex/l3backend/l3backend-pdftex.def
File: l3backend-pdftex.def 2022-04-14 L3 backend support: PDF output (pdfTeX)
\l__color_backend_stack_int=\count310
\l__pdf_internal_box=\box62
) (./paper.aux)
\openout1 = `paper.aux'.

LaTeX Font Info:    Checking defaults for OML/cmm/m/it on input line 161.
LaTeX Font Info:    ... okay on input line 161.
LaTeX Font Info:    Checking defaults for OMS/cmsy/m/n on input line 161.
LaTeX Font Info:    ... okay on input line 161.
LaTeX Font Info:    Checking defaults for OT1/cmr/m/n on input line 161.
LaTeX Font Info:    ... okay on input line 161.
LaTeX Font Info:    Checking defaults for T1/cmr/m/n on input line 161.
LaTeX Font Info:    ... okay on input line 161.
LaTeX Font Info:    Checking defaults for TS1/cmr/m/n on input line 161.
LaTeX Font Info:    ... okay on input line 161.
LaTeX Font Info:    Checking defaults for OMX/cmex/m/n on input line 161.
LaTeX Font Info:    ... okay on input line 161.
LaTeX Font Info:    Checking defaults for U/cmr/m/n on input line 161.
LaTeX Font Info:    ... okay on input line 161.

-- Lines per column: 61 (exact).
(/usr/share/texmf-dist/tex/context/base/mkii/supp-pdf.mkii
[Loading MPS to PDF converter (version 2006.09.02).]
\scratchcounter=\count311
\scratchdimen=\dimen264
\scratchbox=\box63
\nofMPsegments=\count312
\nofMParguments=\count313
\everyMPshowfont=\toks38
\MPscratchCnt=\count314
\MPscratchDim=\dimen265
\MPnumerator=\count315
\makeMPintoPDFobject=\count316
\everyMPtoPDFconversion=\toks39
) (/usr/share/texmf-dist/tex/latex/epstopdf-pkg/epstopdf-base.sty
Package: epstopdf-base 2020-01-24 v2.11 Base part for package epstopdf
Package epstopdf-base Info: Redefining graphics rule for `.eps' on input line 485.
 (/usr/share/texmf-dist/tex/latex/latexconfig/epstopdf-sys.cfg
File: epstopdf-sys.cfg 2010/07/13 v1.3 Configuration of (r)epstopdf for TeX Live
))
\c@lstlisting=\count317
Package caption Info: Begin \AtBeginDocument code.
Package caption Info: subfig package v1.3 is loaded.
Package caption Info: End \AtBeginDocument code.
LaTeX Font Info:    Trying to load font information for OT1+phv on input line 175.
 (/usr/share/texmf-dist/tex/latex/psnfss/ot1phv.fd
File: ot1phv.fd 2020/03/25 scalable font definitions for OT1/phv.
)
LaTeX Font Info:    Calculating math sizes for size <11.04124> on input line 175.
LaTeX Font Info:    Trying to load font information for U+msa on input line 175.
 (/usr/share/texmf-dist/tex/latex/amsfonts/umsa.fd
File: umsa.fd 2013/01/14 v3.01 AMS symbols A
)
LaTeX Font Info:    Trying to load font information for U+msb on input line 175.
 (/usr/share/texmf-dist/tex/latex/amsfonts/umsb.fd
File: umsb.fd 2013/01/14 v3.01 AMS symbols B
)
LaTeX Font Info:    Trying to load font information for U+pzd on input line 175.
 (/usr/share/texmf-dist/tex/latex/psnfss/upzd.fd
File: upzd.fd 2001/06/04 font definitions for U/pzd.
)
LaTeX Font Info:    Calculating math sizes for size <8.03> on input line 175.
LaTeX Font Info:    Calculating math sizes for size <9.53561> on input line 196.
LaTeX Font Info:    Calculating math sizes for size <7.02625> on input line 206.
 [1{/var/lib/texmf/fonts/map/pdftex/updmap/pdftex.map}


]
LaTeX Font Info:    Calculating math sizes for size <9.03374> on input line 237.
<images/ic.pdf, id=18, 131.49126pt x 124.465pt>
File: images/ic.pdf Graphic file (type pdf)
<use images/ic.pdf>
Package pdftex.def Info: images/ic.pdf  used on input line 326.
(pdftex.def)             Requested size: 75.88426pt x 71.8327pt.
 [2 <./images/ic.pdf>]
<images/fmops.pdf, id=33, 456.70625pt x 121.45375pt>
File: images/fmops.pdf Graphic file (type pdf)
<use images/fmops.pdf>
Package pdftex.def Info: images/fmops.pdf  used on input line 421.
(pdftex.def)             Requested size: 252.94499pt x 67.26677pt.
<images/samples.pdf, id=34, 223.83624pt x 226.8475pt>
File: images/samples.pdf Graphic file (type pdf)
<use images/samples.pdf>
Package pdftex.def Info: images/samples.pdf  used on input line 455.
(pdftex.def)             Requested size: 126.47249pt x 128.176pt.
<images/fused.pdf, id=35, 191.71625pt x 191.71625pt>
File: images/fused.pdf Graphic file (type pdf)
<use images/fused.pdf>
Package pdftex.def Info: images/fused.pdf  used on input line 457.
(pdftex.def)             Requested size: 126.47249pt x 126.4746pt.

Overfull \hbox (2.66994pt too wide) in paragraph at lines 455--462
 [][][] 
 []

[3 <./images/fmops.pdf>]
LaTeX Font Info:    Trying to load font information for OMS+ppl on input line 541.
 (/usr/share/texmf-dist/tex/latex/psnfss/omsppl.fd
File: omsppl.fd 
)
LaTeX Font Info:    Font shape `OMS/ppl/m/n' in size <9.53561> not available
(Font)              Font shape `OMS/cmsy/m/n' tried instead on input line 541.
<images/infuserdiff.pdf, id=40, 441.65pt x 162.6075pt>
File: images/infuserdiff.pdf Graphic file (type pdf)
<use images/infuserdiff.pdf>
Package pdftex.def Info: images/infuserdiff.pdf  used on input line 579.
(pdftex.def)             Requested size: 252.94499pt x 93.13136pt.
<images/sketchdiff.pdf, id=41, 401.5pt x 176.66pt>
File: images/sketchdiff.pdf Graphic file (type pdf)
<use images/sketchdiff.pdf>
Package pdftex.def Info: images/sketchdiff.pdf  used on input line 586.
(pdftex.def)             Requested size: 252.94499pt x 111.29907pt.
 [4 <./images/samples.pdf> <./images/fused.pdf>]
LaTeX Font Info:    Trying to load font information for OT1+pcr on input line 643.
 (/usr/share/texmf-dist/tex/latex/psnfss/ot1pcr.fd
File: ot1pcr.fd 2001/06/04 font definitions for OT1/pcr.
)
LaTeX Font Info:    Font shape `OT1/phv/m/it' in size <9.53561> not available
(Font)              Font shape `OT1/phv/m/sl' tried instead on input line 648.
 [5 <./images/infuserdiff.pdf> <./images/sketchdiff.pdf>]
<images/sketch-saturation.pdf, id=56, 433.62pt x 289.08pt>
File: images/sketch-saturation.pdf Graphic file (type pdf)
<use images/sketch-saturation.pdf>
Package pdftex.def Info: images/sketch-saturation.pdf  used on input line 654.
(pdftex.def)             Requested size: 252.94499pt x 168.63252pt.
<images/heatmap_LiveJournal_time.pdf, id=57, 410.41031pt x 273.69063pt>
File: images/heatmap_LiveJournal_time.pdf Graphic file (type pdf)
<use images/heatmap_LiveJournal_time.pdf>
Package pdftex.def Info: images/heatmap_LiveJournal_time.pdf  used on input line 713.
(pdftex.def)             Requested size: 170.9195pt x 113.9804pt.
<images/heatmap_Orkut_time.pdf, id=58, 410.41031pt x 273.69063pt>
File: images/heatmap_Orkut_time.pdf Graphic file (type pdf)
<use images/heatmap_Orkut_time.pdf>
Package pdftex.def Info: images/heatmap_Orkut_time.pdf  used on input line 716.
(pdftex.def)             Requested size: 170.9195pt x 113.9804pt.
<images/heatmap_Pokec_time.pdf, id=59, 410.41031pt x 273.69063pt>
File: images/heatmap_Pokec_time.pdf Graphic file (type pdf)
<use images/heatmap_Pokec_time.pdf>
Package pdftex.def Info: images/heatmap_Pokec_time.pdf  used on input line 719.
(pdftex.def)             Requested size: 170.9195pt x 113.9804pt.

Overfull \hbox (2.83334pt too wide) in paragraph at lines 713--719
 [][][] 
 []

<images/heatmap_LiveJournal_score.pdf, id=60, 438.5153pt x 273.69063pt>
File: images/heatmap_LiveJournal_score.pdf Graphic file (type pdf)
<use images/heatmap_LiveJournal_score.pdf>
Package pdftex.def Info: images/heatmap_LiveJournal_score.pdf  used on input line 722.
(pdftex.def)             Requested size: 170.9195pt x 106.67625pt.
<images/heatmap_Orkut_score.pdf, id=61, 446.5453pt x 273.69063pt>
File: images/heatmap_Orkut_score.pdf Graphic file (type pdf)
<use images/heatmap_Orkut_score.pdf>
Package pdftex.def Info: images/heatmap_Orkut_score.pdf  used on input line 725.
(pdftex.def)             Requested size: 170.9195pt x 104.7594pt.
<images/heatmap_Pokec_score.pdf, id=62, 438.5153pt x 273.69063pt>
File: images/heatmap_Pokec_score.pdf Graphic file (type pdf)
<use images/heatmap_Pokec_score.pdf>
Package pdftex.def Info: images/heatmap_Pokec_score.pdf  used on input line 728.
(pdftex.def)             Requested size: 170.9195pt x 106.67625pt.

Overfull \hbox (2.83334pt too wide) in paragraph at lines 722--729
 [][][][] 
 []

[6 <./images/sketch-saturation.pdf>]
Underfull \vbox (badness 3158) has occurred while \output is active []

 [7 <./images/heatmap_LiveJournal_time.pdf> <./images/heatmap_Orkut_time.pdf

pdfTeX warning: pdflatex (file ./images/heatmap_Orkut_time.pdf): PDF inclusion: multiple pdfs with page group included in a single page
> <./images/heatmap_Pokec_time.pdf

pdfTeX warning: pdflatex (file ./images/heatmap_Pokec_time.pdf): PDF inclusion: multiple pdfs with page group included in a single page
> <./images/heatmap_LiveJournal_score.pdf

pdfTeX warning: pdflatex (file ./images/heatmap_LiveJournal_score.pdf): PDF inclusion: multiple pdfs with page group included in a single page
> <./images/heatmap_Orkut_score.pdf

pdfTeX warning: pdflatex (file ./images/heatmap_Orkut_score.pdf): PDF inclusion: multiple pdfs with page group included in a single page
> <./images/heatmap_Pokec_score.pdf

pdfTeX warning: pdflatex (file ./images/heatmap_Pokec_score.pdf): PDF inclusion: multiple pdfs with page group included in a single page
>]
Underfull \hbox (badness 1715) in paragraph at lines 792--794
\OT1/pcr/m/n/9.53561 Intel Xeon E5-2620 v4 \OT1/ppl/m/n/9.53561 CPU, run-ning at 2.10GHz,
 []


Underfull \hbox (badness 5161) in paragraph at lines 792--794
\OT1/ppl/m/n/9.53561 is \OT1/pcr/m/n/9.53561 Ubuntu 20.04.2 LTS \OT1/ppl/m/n/9.53561 with 5.4.0-65 ker-nel. The
 []


Underfull \hbox (badness 10000) in paragraph at lines 792--794
\OT1/ppl/m/n/9.53561 op-ti-miza-tion flags. Multi-thread par-al-leliza-tion was
 []


Underfull \hbox (badness 10000) in paragraph at lines 792--794

 []


Overfull \vbox (7.875pt too high) detected at line 820
 []

[8]
<images/speedup-imm.pdf, id=286, 552.05307pt x 364.16833pt>
File: images/speedup-imm.pdf Graphic file (type pdf)
<use images/speedup-imm.pdf>
Package pdftex.def Info: images/speedup-imm.pdf  used on input line 1633.
(pdftex.def)             Requested size: 252.94499pt x 166.8582pt.
 [9 <./images/speedup-imm.pdf>] [10]
<images/speedup-skim.pdf, id=346, 557.35413pt x 364.16833pt>
File: images/speedup-skim.pdf Graphic file (type pdf)
<use images/speedup-skim.pdf>
Package pdftex.def Info: images/speedup-skim.pdf  used on input line 1643.
(pdftex.def)             Requested size: 252.94499pt x 165.26897pt.
<images/speedup-ssa.pdf, id=347, 557.35413pt x 364.16833pt>
File: images/speedup-ssa.pdf Graphic file (type pdf)
<use images/speedup-ssa.pdf>
Package pdftex.def Info: images/speedup-ssa.pdf  used on input line 1653.
(pdftex.def)             Requested size: 252.94499pt x 165.26897pt.
 [11 <./images/speedup-skim.pdf> <./images/speedup-ssa.pdf

pdfTeX warning: pdflatex (file ./images/speedup-ssa.pdf): PDF inclusion: multiple pdfs with page group included in a single page
>]
Underfull \hbox (badness 10000) in paragraph at lines 1696--1697
[]\OT1/ppl/m/n/9.53561 The stop-and-stare al-go-rithm pro-posed by
 []

(./paper.bbl
Underfull \hbox (badness 5939) in paragraph at lines 96--99
[]\OT1/ppl/m/n/8.03 G. G[]okt[]urk and K. Kaya, ``Boost-ing par-al-lel influence-
 []

[12]) [13

] (./paper.aux) ) 
Here is how much of TeX's memory you used:
 8111 strings out of 478238
 134089 string characters out of 5850457
 512075 words of memory out of 5000000
 26199 multiletter control sequences out of 15000+600000
 527703 words of font info for 171 fonts, out of 8000000 for 9000
 1141 hyphenation exceptions out of 8191
 55i,15n,63p,2368b,475s stack positions out of 5000i,500n,10000p,200000b,80000s
{/usr/share/texmf-dist/fonts/enc/dvips/base/8r.enc}</usr/share/texmf-dist/fonts/type1/public/amsfonts/cm/cmmi10.pfb></usr/share/texmf-dist/fonts/type1/public/amsfonts/cm/cmmi5.pfb></usr/share/texmf-dist/fonts/type1/public/amsfonts/cm/cmmi6.pfb></usr/share/texmf-dist/fonts/type1/public/amsfonts/cm/cmmi7.pfb></usr/share/texmf-dist/fonts/type1/public/amsfonts/cm/cmmi8.pfb></usr/share/texmf-dist/fonts/type1/public/amsfonts/cm/cmmi9.pfb></usr/share/texmf-dist/fonts/type1/public/amsfonts/cm/cmr10.pfb></usr/share/texmf-dist/fonts/type1/public/amsfonts/cm/cmr6.pfb></usr/share/texmf-dist/fonts/type1/public/amsfonts/cm/cmr7.pfb></usr/share/texmf-dist/fonts/type1/public/amsfonts/cm/cmr8.pfb></usr/share/texmf-dist/fonts/type1/public/amsfonts/cm/cmr9.pfb></usr/share/texmf-dist/fonts/type1/public/amsfonts/cm/cmsy10.pfb></usr/share/texmf-dist/fonts/type1/public/amsfonts/cm/cmsy5.pfb></usr/share/texmf-dist/fonts/type1/public/amsfonts/cm/cmsy6.pfb></usr/share/texmf-dist/fonts/type1/public/amsfonts/cm/cmsy7.pfb></usr/share/texmf-dist/fonts/type1/public/amsfonts/cm/cmsy8.pfb></usr/share/texmf-dist/fonts/type1/public/amsfonts/cm/cmsy9.pfb></usr/share/texmf-dist/fonts/type1/public/amsfonts/cm/cmtt10.pfb></usr/share/texmf-dist/fonts/type1/urw/courier/ucrr8a.pfb></usr/share/texmf-dist/fonts/type1/urw/helvetic/uhvb8a.pfb></usr/share/texmf-dist/fonts/type1/urw/helvetic/uhvr8a.pfb></usr/share/texmf-dist/fonts/type1/urw/helvetic/uhvro8a.pfb></usr/share/texmf-dist/fonts/type1/urw/palatino/uplb8a.pfb></usr/share/texmf-dist/fonts/type1/urw/palatino/uplr8a.pfb></usr/share/texmf-dist/fonts/type1/urw/palatino/uplri8a.pfb></usr/share/texmf-dist/fonts/type1/urw/zapfding/uzdr.pfb>
Output written on paper.pdf (13 pages, 591842 bytes).
PDF statistics:
 561 PDF objects out of 1000 (max. 8388607)
 200 compressed objects within 2 object streams
 0 named destinations out of 1000 (max. 500000)
 81 words of extra memory for PDF output out of 10000 (max. 10000000)

